<?xml version="1.0" encoding="UTF-8"?>
<testng-results skipped="0" failed="0" ignored="0" total="1" passed="1">
  <reporter-output>
  </reporter-output>
  <suite name="Default suite" duration-ms="142" started-at="2019-05-07T08:31:59Z" finished-at="2019-05-07T08:31:59Z">
    <groups>
    </groups>
    <test name="Default test" duration-ms="142" started-at="2019-05-07T08:31:59Z" finished-at="2019-05-07T08:31:59Z">
      <class name="com.bpms.ODPS.App">
        <test-method status="PASS" signature="demoTest()[pri:0, instance:com.bpms.ODPS.App@343f4d3d]" name="demoTest" duration-ms="16" started-at="2019-05-07T14:01:59Z" finished-at="2019-05-07T14:01:59Z">
          <reporter-output>
          </reporter-output>
        </test-method> <!-- demoTest -->
      </class> <!-- com.bpms.ODPS.App -->
    </test> <!-- Default test -->
  </suite> <!-- Default suite -->
</testng-results>
